A51 MACRO ASSEMBLER  THINK                                                                03/27/2024 22:57:59 PAGE     1


MACRO ASSEMBLER A51 V8.02c
OBJECT MODULE PLACED IN think.OBJ
ASSEMBLER INVOKED BY: D:\Keil5\C51\BIN\A51.EXE think.asm SET(SMALL) DEBUG EP

LOC  OBJ            LINE     SOURCE

00F0                   1             ORG 00F0H
00F0 7850              2             MOV R0,#50H
00F2                   3     MAIN:   
00F2 7600              4             MOV @R0,#00H
00F4 08                5             INC R0
00F5 B85AFA            6             CJNE R0,#5AH,MAIN
00F8 22                7             RET
                       8             END
A51 MACRO ASSEMBLER  THINK                                                                03/27/2024 22:57:59 PAGE     2

SYMBOL TABLE LISTING
------ ----- -------


N A M E             T Y P E  V A L U E   ATTRIBUTES

MAIN . . . . . . .  C ADDR   00F2H   A   


REGISTER BANK(S) USED: 0 


ASSEMBLY COMPLETE.  0 WARNING(S), 0 ERROR(S)
